{"/Users/ponk/gobelins/LeadDev/app-test/app/form_validator.js": {"path":"/Users/ponk/gobelins/LeadDev/app-test/app/form_validator.js","statementMap":{"0":{"start":{"line":3,"column":34},"end":{"line":3,"column":50}},"1":{"start":{"line":4,"column":2},"end":{"line":4,"column":45}},"2":{"start":{"line":8,"column":2},"end":{"line":8,"column":44}},"3":{"start":{"line":12,"column":2},"end":{"line":12,"column":68}},"4":{"start":{"line":15,"column":0},"end":{"line":19,"column":2}}},"fnMap":{"0":{"name":"isValidCommaDelimitedList","decl":{"start":{"line":1,"column":9},"end":{"line":1,"column":34}},"loc":{"start":{"line":1,"column":42},"end":{"line":5,"column":1}},"line":1},"1":{"name":"isValidTagmode","decl":{"start":{"line":7,"column":9},"end":{"line":7,"column":23}},"loc":{"start":{"line":7,"column":31},"end":{"line":9,"column":1}},"line":7},"2":{"name":"hasValidFlickrAPIParams","decl":{"start":{"line":11,"column":9},"end":{"line":11,"column":32}},"loc":{"start":{"line":11,"column":48},"end":{"line":13,"column":1}},"line":11}},"branchMap":{"0":{"loc":{"start":{"line":8,"column":9},"end":{"line":8,"column":43}},"type":"binary-expr","locations":[{"start":{"line":8,"column":9},"end":{"line":8,"column":24}},{"start":{"line":8,"column":28},"end":{"line":8,"column":43}}],"line":8},"1":{"loc":{"start":{"line":12,"column":9},"end":{"line":12,"column":67}},"type":"binary-expr","locations":[{"start":{"line":12,"column":9},"end":{"line":12,"column":40}},{"start":{"line":12,"column":44},"end":{"line":12,"column":67}}],"line":12}},"s":{"0":10,"1":10,"2":7,"3":6,"4":2},"f":{"0":10,"1":7,"2":6},"b":{"0":[7,3],"1":[6,4]},"_coverageSchema":"1a1c01bbd47fc00a2c39e90264f33305004495a9","hash":"cdbbb8a234745bcbd54eb4e07179258f20864419"}
,"/Users/ponk/gobelins/LeadDev/app-test/app/jsonp_helper.js": {"path":"/Users/ponk/gobelins/LeadDev/app-test/app/jsonp_helper.js","statementMap":{"0":{"start":{"line":2,"column":2},"end":{"line":14,"column":3}},"1":{"start":{"line":3,"column":21},"end":{"line":3,"column":44}},"2":{"start":{"line":4,"column":19},"end":{"line":4,"column":46}},"3":{"start":{"line":5,"column":21},"end":{"line":5,"column":66}},"4":{"start":{"line":8,"column":4},"end":{"line":8,"column":49}},"5":{"start":{"line":10,"column":4},"end":{"line":10,"column":34}},"6":{"start":{"line":12,"column":18},"end":{"line":12,"column":76}},"7":{"start":{"line":13,"column":4},"end":{"line":13,"column":16}},"8":{"start":{"line":17,"column":0},"end":{"line":19,"column":2}}},"fnMap":{"0":{"name":"parseJSONP","decl":{"start":{"line":1,"column":9},"end":{"line":1,"column":19}},"loc":{"start":{"line":1,"column":31},"end":{"line":15,"column":1}},"line":1}},"branchMap":{},"s":{"0":5,"1":5,"2":5,"3":5,"4":5,"5":5,"6":2,"7":2,"8":4},"f":{"0":5},"b":{},"_coverageSchema":"1a1c01bbd47fc00a2c39e90264f33305004495a9","hash":"205d70f264abddb3cd07e9b15cf760db590fa381"}
,"/Users/ponk/gobelins/LeadDev/app-test/app/photo_model.js": {"path":"/Users/ponk/gobelins/LeadDev/app-test/app/photo_model.js","statementMap":{"0":{"start":{"line":1,"column":12},"end":{"line":1,"column":26}},"1":{"start":{"line":2,"column":20},"end":{"line":2,"column":42}},"2":{"start":{"line":3,"column":20},"end":{"line":3,"column":45}},"3":{"start":{"line":6,"column":13},"end":{"line":6,"column":69}},"4":{"start":{"line":8,"column":18},"end":{"line":13,"column":3}},"5":{"start":{"line":15,"column":2},"end":{"line":24,"column":5}},"6":{"start":{"line":16,"column":22},"end":{"line":16,"column":59}},"7":{"start":{"line":18,"column":4},"end":{"line":21,"column":7}},"8":{"start":{"line":19,"column":6},"end":{"line":19,"column":64}},"9":{"start":{"line":20,"column":6},"end":{"line":20,"column":64}},"10":{"start":{"line":23,"column":4},"end":{"line":23,"column":27}},"11":{"start":{"line":27,"column":0},"end":{"line":29,"column":2}}},"fnMap":{"0":{"name":"getFlickrPhotos","decl":{"start":{"line":5,"column":9},"end":{"line":5,"column":24}},"loc":{"start":{"line":5,"column":40},"end":{"line":25,"column":1}},"line":5},"1":{"name":"(anonymous_1)","decl":{"start":{"line":15,"column":27},"end":{"line":15,"column":28}},"loc":{"start":{"line":15,"column":39},"end":{"line":24,"column":3}},"line":15},"2":{"name":"(anonymous_2)","decl":{"start":{"line":18,"column":28},"end":{"line":18,"column":29}},"loc":{"start":{"line":18,"column":37},"end":{"line":21,"column":5}},"line":18}},"branchMap":{},"s":{"0":3,"1":3,"2":3,"3":3,"4":3,"5":3,"6":2,"7":1,"8":2,"9":2,"10":1,"11":3},"f":{"0":3,"1":2,"2":2},"b":{},"_coverageSchema":"1a1c01bbd47fc00a2c39e90264f33305004495a9","hash":"09b1eb7a9869d75c5d8a1d9d483afae1827ad8e5"}
,"/Users/ponk/gobelins/LeadDev/app-test/app/pubSub.js": {"path":"/Users/ponk/gobelins/LeadDev/app-test/app/pubSub.js","statementMap":{"0":{"start":{"line":1,"column":19},"end":{"line":1,"column":50}},"1":{"start":{"line":2,"column":18},"end":{"line":2,"column":37}},"2":{"start":{"line":3,"column":16},"end":{"line":3,"column":24}},"3":{"start":{"line":4,"column":23},"end":{"line":4,"column":31}},"4":{"start":{"line":5,"column":15},"end":{"line":5,"column":38}},"5":{"start":{"line":8,"column":15},"end":{"line":8,"column":42}},"6":{"start":{"line":9,"column":2},"end":{"line":9,"column":14}},"7":{"start":{"line":12,"column":23},"end":{"line":12,"column":64}},"8":{"start":{"line":13,"column":2},"end":{"line":13,"column":21}},"9":{"start":{"line":16,"column":16},"end":{"line":16,"column":32}},"10":{"start":{"line":17,"column":2},"end":{"line":17,"column":37}},"11":{"start":{"line":20,"column":0},"end":{"line":24,"column":1}}},"fnMap":{"0":{"name":"getTopic","decl":{"start":{"line":7,"column":15},"end":{"line":7,"column":23}},"loc":{"start":{"line":7,"column":27},"end":{"line":10,"column":1}},"line":7},"1":{"name":"getSubscription","decl":{"start":{"line":11,"column":15},"end":{"line":11,"column":30}},"loc":{"start":{"line":11,"column":34},"end":{"line":14,"column":1}},"line":11},"2":{"name":"publishMessage","decl":{"start":{"line":15,"column":15},"end":{"line":15,"column":29}},"loc":{"start":{"line":15,"column":39},"end":{"line":18,"column":1}},"line":15}},"branchMap":{},"s":{"0":1,"1":1,"2":1,"3":1,"4":1,"5":0,"6":0,"7":1,"8":1,"9":0,"10":0,"11":1},"f":{"0":0,"1":1,"2":0},"b":{},"_coverageSchema":"1a1c01bbd47fc00a2c39e90264f33305004495a9","hash":"9904efedfd723c7d028d778a9866eeddef80a430"}
,"/Users/ponk/gobelins/LeadDev/app-test/app/pubsubListener.js": {"path":"/Users/ponk/gobelins/LeadDev/app-test/app/pubsubListener.js","statementMap":{"0":{"start":{"line":1,"column":28},"end":{"line":1,"column":47}},"1":{"start":{"line":2,"column":19},"end":{"line":2,"column":43}},"2":{"start":{"line":3,"column":18},"end":{"line":3,"column":39}},"3":{"start":{"line":4,"column":20},"end":{"line":4,"column":52}},"4":{"start":{"line":5,"column":16},"end":{"line":5,"column":34}},"5":{"start":{"line":6,"column":35},"end":{"line":6,"column":70}},"6":{"start":{"line":9,"column":25},"end":{"line":9,"column":27}},"7":{"start":{"line":10,"column":25},"end":{"line":10,"column":89}},"8":{"start":{"line":11,"column":25},"end":{"line":11,"column":42}},"9":{"start":{"line":12,"column":2},"end":{"line":15,"column":3}},"10":{"start":{"line":12,"column":16},"end":{"line":12,"column":17}},"11":{"start":{"line":13,"column":4},"end":{"line":14,"column":25}},"12":{"start":{"line":16,"column":2},"end":{"line":16,"column":16}},"13":{"start":{"line":20,"column":19},"end":{"line":20,"column":38}},"14":{"start":{"line":21,"column":17},"end":{"line":21,"column":30}},"15":{"start":{"line":22,"column":15},"end":{"line":22,"column":86}},"16":{"start":{"line":23,"column":22},"end":{"line":23,"column":64}},"17":{"start":{"line":25,"column":17},"end":{"line":25,"column":55}},"18":{"start":{"line":26,"column":2},"end":{"line":28,"column":3}},"19":{"start":{"line":27,"column":4},"end":{"line":27,"column":16}},"20":{"start":{"line":29,"column":14},"end":{"line":29,"column":29}},"21":{"start":{"line":30,"column":2},"end":{"line":30,"column":23}},"22":{"start":{"line":33,"column":18},"end":{"line":33,"column":32}},"23":{"start":{"line":34,"column":19},"end":{"line":34,"column":41}},"24":{"start":{"line":35,"column":4},"end":{"line":42,"column":6}},"25":{"start":{"line":36,"column":6},"end":{"line":37,"column":18}},"26":{"start":{"line":37,"column":8},"end":{"line":37,"column":18}},"27":{"start":{"line":38,"column":6},"end":{"line":41,"column":22}},"28":{"start":{"line":39,"column":8},"end":{"line":39,"column":21}},"29":{"start":{"line":41,"column":8},"end":{"line":41,"column":22}},"30":{"start":{"line":44,"column":2},"end":{"line":44,"column":15}},"31":{"start":{"line":46,"column":2},"end":{"line":53,"column":4}},"32":{"start":{"line":47,"column":4},"end":{"line":49,"column":7}},"33":{"start":{"line":48,"column":6},"end":{"line":48,"column":18}},"34":{"start":{"line":50,"column":4},"end":{"line":52,"column":7}},"35":{"start":{"line":51,"column":6},"end":{"line":51,"column":20}},"36":{"start":{"line":56,"column":0},"end":{"line":67,"column":2}},"37":{"start":{"line":57,"column":23},"end":{"line":57,"column":46}},"38":{"start":{"line":58,"column":2},"end":{"line":66,"column":5}},"39":{"start":{"line":59,"column":17},"end":{"line":59,"column":40}},"40":{"start":{"line":60,"column":16},"end":{"line":60,"column":37}},"41":{"start":{"line":61,"column":4},"end":{"line":64,"column":6}},"42":{"start":{"line":65,"column":4},"end":{"line":65,"column":17}}},"fnMap":{"0":{"name":"makeid","decl":{"start":{"line":8,"column":9},"end":{"line":8,"column":15}},"loc":{"start":{"line":8,"column":24},"end":{"line":17,"column":1}},"line":8},"1":{"name":"createZip","decl":{"start":{"line":19,"column":15},"end":{"line":19,"column":24}},"loc":{"start":{"line":19,"column":31},"end":{"line":54,"column":1}},"line":19},"2":{"name":"addNextFile","decl":{"start":{"line":32,"column":11},"end":{"line":32,"column":22}},"loc":{"start":{"line":32,"column":25},"end":{"line":43,"column":3}},"line":32},"3":{"name":"(anonymous_3)","decl":{"start":{"line":35,"column":54},"end":{"line":35,"column":55}},"loc":{"start":{"line":35,"column":61},"end":{"line":42,"column":5}},"line":35},"4":{"name":"(anonymous_4)","decl":{"start":{"line":46,"column":23},"end":{"line":46,"column":24}},"loc":{"start":{"line":46,"column":44},"end":{"line":53,"column":3}},"line":46},"5":{"name":"(anonymous_5)","decl":{"start":{"line":47,"column":28},"end":{"line":47,"column":29}},"loc":{"start":{"line":47,"column":37},"end":{"line":49,"column":5}},"line":47},"6":{"name":"(anonymous_6)","decl":{"start":{"line":50,"column":29},"end":{"line":50,"column":30}},"loc":{"start":{"line":50,"column":35},"end":{"line":52,"column":5}},"line":50},"7":{"name":"listenForMessages","decl":{"start":{"line":56,"column":32},"end":{"line":56,"column":49}},"loc":{"start":{"line":56,"column":52},"end":{"line":67,"column":1}},"line":56},"8":{"name":"(anonymous_8)","decl":{"start":{"line":58,"column":29},"end":{"line":58,"column":30}},"loc":{"start":{"line":58,"column":46},"end":{"line":66,"column":3}},"line":58}},"branchMap":{"0":{"loc":{"start":{"line":26,"column":2},"end":{"line":28,"column":3}},"type":"if","locations":[{"start":{"line":26,"column":2},"end":{"line":28,"column":3}},{"start":{},"end":{}}],"line":26},"1":{"loc":{"start":{"line":36,"column":6},"end":{"line":37,"column":18}},"type":"if","locations":[{"start":{"line":36,"column":6},"end":{"line":37,"column":18}},{"start":{},"end":{}}],"line":36},"2":{"loc":{"start":{"line":38,"column":6},"end":{"line":41,"column":22}},"type":"if","locations":[{"start":{"line":38,"column":6},"end":{"line":41,"column":22}},{"start":{"line":41,"column":8},"end":{"line":41,"column":22}}],"line":38}},"s":{"0":1,"1":1,"2":1,"3":1,"4":1,"5":1,"6":0,"7":0,"8":0,"9":0,"10":0,"11":0,"12":0,"13":0,"14":0,"15":0,"16":0,"17":0,"18":0,"19":0,"20":0,"21":0,"22":0,"23":0,"24":0,"25":0,"26":0,"27":0,"28":0,"29":0,"30":0,"31":0,"32":0,"33":0,"34":0,"35":0,"36":1,"37":1,"38":1,"39":0,"40":0,"41":0,"42":0},"f":{"0":0,"1":0,"2":0,"3":0,"4":0,"5":0,"6":0,"7":1,"8":0},"b":{"0":[0,0],"1":[0,0],"2":[0,0]},"_coverageSchema":"1a1c01bbd47fc00a2c39e90264f33305004495a9","hash":"b875c2ece6b32be961a38c679c5958dd4c732e2f"}
,"/Users/ponk/gobelins/LeadDev/app-test/app/route.js": {"path":"/Users/ponk/gobelins/LeadDev/app-test/app/route.js","statementMap":{"0":{"start":{"line":1,"column":22},"end":{"line":1,"column":49}},"1":{"start":{"line":2,"column":19},"end":{"line":2,"column":43}},"2":{"start":{"line":3,"column":27},"end":{"line":3,"column":46}},"3":{"start":{"line":4,"column":35},"end":{"line":4,"column":70}},"4":{"start":{"line":5,"column":20},"end":{"line":5,"column":52}},"5":{"start":{"line":6,"column":16},"end":{"line":6,"column":29}},"6":{"start":{"line":8,"column":2},"end":{"line":62,"column":5}},"7":{"start":{"line":9,"column":17},"end":{"line":9,"column":31}},"8":{"start":{"line":10,"column":20},"end":{"line":10,"column":37}},"9":{"start":{"line":11,"column":30},"end":{"line":17,"column":5}},"10":{"start":{"line":20,"column":4},"end":{"line":23,"column":5}},"11":{"start":{"line":21,"column":6},"end":{"line":21,"column":21}},"12":{"start":{"line":22,"column":6},"end":{"line":22,"column":52}},"13":{"start":{"line":26,"column":4},"end":{"line":29,"column":5}},"14":{"start":{"line":27,"column":6},"end":{"line":27,"column":49}},"15":{"start":{"line":28,"column":6},"end":{"line":28,"column":52}},"16":{"start":{"line":31,"column":4},"end":{"line":31,"column":41}},"17":{"start":{"line":33,"column":4},"end":{"line":39,"column":6}},"18":{"start":{"line":34,"column":6},"end":{"line":37,"column":7}},"19":{"start":{"line":35,"column":8},"end":{"line":35,"column":25}},"20":{"start":{"line":36,"column":8},"end":{"line":36,"column":20}},"21":{"start":{"line":38,"column":6},"end":{"line":38,"column":17}},"22":{"start":{"line":40,"column":4},"end":{"line":50,"column":5}},"23":{"start":{"line":41,"column":22},"end":{"line":44,"column":7}},"24":{"start":{"line":45,"column":24},"end":{"line":48,"column":30}},"25":{"start":{"line":49,"column":6},"end":{"line":49,"column":50}},"26":{"start":{"line":52,"column":4},"end":{"line":61,"column":9}},"27":{"start":{"line":55,"column":8},"end":{"line":55,"column":42}},"28":{"start":{"line":56,"column":8},"end":{"line":56,"column":47}},"29":{"start":{"line":57,"column":8},"end":{"line":57,"column":54}},"30":{"start":{"line":60,"column":8},"end":{"line":60,"column":47}},"31":{"start":{"line":64,"column":2},"end":{"line":67,"column":4}},"32":{"start":{"line":65,"column":4},"end":{"line":65,"column":40}},"33":{"start":{"line":66,"column":4},"end":{"line":66,"column":78}},"34":{"start":{"line":70,"column":0},"end":{"line":70,"column":23}}},"fnMap":{"0":{"name":"route","decl":{"start":{"line":7,"column":9},"end":{"line":7,"column":14}},"loc":{"start":{"line":7,"column":20},"end":{"line":68,"column":1}},"line":7},"1":{"name":"(anonymous_1)","decl":{"start":{"line":8,"column":15},"end":{"line":8,"column":16}},"loc":{"start":{"line":8,"column":35},"end":{"line":62,"column":3}},"line":8},"2":{"name":"(anonymous_2)","decl":{"start":{"line":33,"column":69},"end":{"line":33,"column":70}},"loc":{"start":{"line":33,"column":77},"end":{"line":39,"column":5}},"line":33},"3":{"name":"(anonymous_3)","decl":{"start":{"line":54,"column":12},"end":{"line":54,"column":13}},"loc":{"start":{"line":54,"column":22},"end":{"line":58,"column":7}},"line":54},"4":{"name":"(anonymous_4)","decl":{"start":{"line":59,"column":13},"end":{"line":59,"column":14}},"loc":{"start":{"line":59,"column":22},"end":{"line":61,"column":7}},"line":59},"5":{"name":"(anonymous_5)","decl":{"start":{"line":64,"column":18},"end":{"line":64,"column":19}},"loc":{"start":{"line":64,"column":38},"end":{"line":67,"column":3}},"line":64}},"branchMap":{"0":{"loc":{"start":{"line":12,"column":21},"end":{"line":12,"column":31}},"type":"binary-expr","locations":[{"start":{"line":12,"column":21},"end":{"line":12,"column":25}},{"start":{"line":12,"column":29},"end":{"line":12,"column":31}}],"line":12},"1":{"loc":{"start":{"line":13,"column":24},"end":{"line":13,"column":37}},"type":"binary-expr","locations":[{"start":{"line":13,"column":24},"end":{"line":13,"column":31}},{"start":{"line":13,"column":35},"end":{"line":13,"column":37}}],"line":13},"2":{"loc":{"start":{"line":20,"column":4},"end":{"line":23,"column":5}},"type":"if","locations":[{"start":{"line":20,"column":4},"end":{"line":23,"column":5}},{"start":{},"end":{}}],"line":20},"3":{"loc":{"start":{"line":20,"column":8},"end":{"line":20,"column":25}},"type":"binary-expr","locations":[{"start":{"line":20,"column":8},"end":{"line":20,"column":13}},{"start":{"line":20,"column":17},"end":{"line":20,"column":25}}],"line":20},"4":{"loc":{"start":{"line":26,"column":4},"end":{"line":29,"column":5}},"type":"if","locations":[{"start":{"line":26,"column":4},"end":{"line":29,"column":5}},{"start":{},"end":{}}],"line":26},"5":{"loc":{"start":{"line":34,"column":6},"end":{"line":37,"column":7}},"type":"if","locations":[{"start":{"line":34,"column":6},"end":{"line":37,"column":7}},{"start":{},"end":{}}],"line":34},"6":{"loc":{"start":{"line":40,"column":4},"end":{"line":50,"column":5}},"type":"if","locations":[{"start":{"line":40,"column":4},"end":{"line":50,"column":5}},{"start":{},"end":{}}],"line":40}},"s":{"0":1,"1":1,"2":1,"3":1,"4":1,"5":1,"6":1,"7":4,"8":4,"9":4,"10":4,"11":1,"12":1,"13":3,"14":1,"15":1,"16":2,"17":2,"18":0,"19":0,"20":0,"21":0,"22":2,"23":0,"24":0,"25":0,"26":2,"27":1,"28":1,"29":1,"30":1,"31":1,"32":0,"33":0,"34":1},"f":{"0":1,"1":4,"2":0,"3":1,"4":1,"5":0},"b":{"0":[4,1],"1":[4,1],"2":[1,3],"3":[4,1],"4":[1,2],"5":[0,0],"6":[0,2]},"_coverageSchema":"1a1c01bbd47fc00a2c39e90264f33305004495a9","hash":"a0a1dcb0d9eb6bddc900f0c8625f5760f8730f8c"}
,"/Users/ponk/gobelins/LeadDev/app-test/app/server.js": {"path":"/Users/ponk/gobelins/LeadDev/app-test/app/server.js","statementMap":{"0":{"start":{"line":1,"column":16},"end":{"line":1,"column":34}},"1":{"start":{"line":2,"column":16},"end":{"line":2,"column":40}},"2":{"start":{"line":3,"column":13},"end":{"line":3,"column":28}},"3":{"start":{"line":5,"column":12},"end":{"line":5,"column":21}},"4":{"start":{"line":8,"column":0},"end":{"line":8,"column":93}},"5":{"start":{"line":10,"column":0},"end":{"line":10,"column":56}},"6":{"start":{"line":11,"column":0},"end":{"line":11,"column":71}},"7":{"start":{"line":12,"column":0},"end":{"line":12,"column":77}},"8":{"start":{"line":15,"column":0},"end":{"line":15,"column":46}},"9":{"start":{"line":16,"column":0},"end":{"line":16,"column":48}},"10":{"start":{"line":17,"column":0},"end":{"line":17,"column":31}},"11":{"start":{"line":20,"column":0},"end":{"line":20,"column":24}},"12":{"start":{"line":21,"column":0},"end":{"line":21,"column":30}},"13":{"start":{"line":24,"column":13},"end":{"line":24,"column":37}},"14":{"start":{"line":25,"column":0},"end":{"line":25,"column":30}},"15":{"start":{"line":26,"column":0},"end":{"line":26,"column":41}},"16":{"start":{"line":28,"column":0},"end":{"line":28,"column":21}}},"fnMap":{},"branchMap":{"0":{"loc":{"start":{"line":24,"column":13},"end":{"line":24,"column":37}},"type":"binary-expr","locations":[{"start":{"line":24,"column":13},"end":{"line":24,"column":29}},{"start":{"line":24,"column":33},"end":{"line":24,"column":37}}],"line":24}},"s":{"0":1,"1":1,"2":1,"3":1,"4":1,"5":1,"6":1,"7":1,"8":1,"9":1,"10":1,"11":1,"12":1,"13":1,"14":1,"15":1,"16":1},"f":{},"b":{"0":[1,1]},"_coverageSchema":"1a1c01bbd47fc00a2c39e90264f33305004495a9","hash":"2b895ffdcd89e9ffb9bed7fbbd8a985d4c01afe8"}
,"/Users/ponk/gobelins/LeadDev/app-test/app/whatABeautifulDatabase.js": {"path":"/Users/ponk/gobelins/LeadDev/app-test/app/whatABeautifulDatabase.js","statementMap":{"0":{"start":{"line":1,"column":0},"end":{"line":5,"column":1}}},"fnMap":{},"branchMap":{},"s":{"0":1},"f":{},"b":{},"_coverageSchema":"1a1c01bbd47fc00a2c39e90264f33305004495a9","hash":"b8d15dc334f778df4170af4a6431fa818b533307"}
}
