TN:
SF:app/database.js
FNF:0
FNH:0
DA:1,1
DA:2,1
DA:4,1
DA:8,1
LF:4
LH:4
BRF:0
BRH:0
end_of_record
TN:
SF:app/form_validator.js
FN:1,isValidCommaDelimitedList
FN:7,isValidTagmode
FN:11,hasValidFlickrAPIParams
FNF:3
FNH:3
FNDA:10,isValidCommaDelimitedList
FNDA:7,isValidTagmode
FNDA:6,hasValidFlickrAPIParams
DA:3,10
DA:4,10
DA:8,7
DA:12,6
DA:15,2
LF:5
LH:5
BRDA:8,0,0,7
BRDA:8,0,1,3
BRDA:12,1,0,6
BRDA:12,1,1,4
BRF:4
BRH:4
end_of_record
TN:
SF:app/jsonp_helper.js
FN:1,parseJSONP
FNF:1
FNH:1
FNDA:5,parseJSONP
DA:2,5
DA:3,5
DA:4,5
DA:5,5
DA:8,5
DA:10,5
DA:12,2
DA:13,2
DA:17,4
LF:9
LH:9
BRF:0
BRH:0
end_of_record
TN:
SF:app/photo_model.js
FN:5,getFlickrPhotos
FN:15,(anonymous_1)
FN:18,(anonymous_2)
FNF:3
FNH:3
FNDA:3,getFlickrPhotos
FNDA:2,(anonymous_1)
FNDA:2,(anonymous_2)
DA:1,3
DA:2,3
DA:3,3
DA:6,3
DA:8,3
DA:15,3
DA:16,2
DA:18,1
DA:19,2
DA:20,2
DA:23,1
DA:27,3
LF:12
LH:12
BRF:0
BRH:0
end_of_record
TN:
SF:app/pubSub.js
FN:7,getTopic
FN:12,getSubscription
FN:17,publishMessage
FN:22,getProgressTopic
FN:26,getProgressSubscription
FNF:5
FNH:1
FNDA:0,getTopic
FNDA:1,getSubscription
FNDA:0,publishMessage
FNDA:0,getProgressTopic
FNDA:0,getProgressSubscription
DA:1,1
DA:2,1
DA:3,1
DA:4,1
DA:5,1
DA:8,0
DA:9,0
DA:13,1
DA:14,1
DA:18,0
DA:19,0
DA:23,0
DA:27,0
DA:30,1
LF:14
LH:8
BRF:0
BRH:0
end_of_record
TN:
SF:app/pubsubListener.js
FN:8,makeid
FN:19,createZip
FN:38,addNextFile
FN:41,(anonymous_3)
FN:56,(anonymous_4)
FN:57,(anonymous_5)
FN:60,(anonymous_6)
FN:66,listenForMessages
FN:68,(anonymous_8)
FN:82,(anonymous_9)
FNF:10
FNH:2
FNDA:0,makeid
FNDA:0,createZip
FNDA:0,addNextFile
FNDA:0,(anonymous_3)
FNDA:0,(anonymous_4)
FNDA:0,(anonymous_5)
FNDA:0,(anonymous_6)
FNDA:1,listenForMessages
FNDA:0,(anonymous_8)
FNDA:3,(anonymous_9)
DA:1,1
DA:2,1
DA:3,1
DA:4,1
DA:5,1
DA:6,1
DA:9,0
DA:10,0
DA:11,0
DA:12,0
DA:13,0
DA:16,0
DA:20,0
DA:21,0
DA:22,0
DA:23,0
DA:25,0
DA:26,0
DA:27,0
DA:29,0
DA:30,0
DA:33,0
DA:35,0
DA:36,0
DA:39,0
DA:40,0
DA:41,0
DA:42,0
DA:43,0
DA:44,0
DA:45,0
DA:48,0
DA:49,0
DA:51,0
DA:54,0
DA:56,0
DA:57,0
DA:58,0
DA:60,0
DA:61,0
DA:66,1
DA:67,1
DA:68,1
DA:69,0
DA:70,0
DA:71,0
DA:72,0
DA:76,0
DA:78,1
DA:82,1
DA:83,3
DA:85,1
LF:52
LH:13
BRDA:26,0,0,0
BRDA:26,0,1,0
BRDA:42,1,0,0
BRDA:42,1,1,0
BRDA:48,2,0,0
BRDA:48,2,1,0
BRF:6
BRH:0
end_of_record
TN:
SF:app/route.js
FN:7,route
FN:8,(anonymous_1)
FN:32,(anonymous_2)
FN:37,(anonymous_3)
FN:42,(anonymous_4)
FN:54,(anonymous_5)
FNF:6
FNH:4
FNDA:1,route
FNDA:4,(anonymous_1)
FNDA:1,(anonymous_2)
FNDA:1,(anonymous_3)
FNDA:0,(anonymous_4)
FNDA:0,(anonymous_5)
DA:1,1
DA:2,1
DA:3,1
DA:4,1
DA:5,1
DA:6,1
DA:8,1
DA:9,4
DA:10,4
DA:11,4
DA:20,4
DA:21,1
DA:22,1
DA:26,3
DA:27,1
DA:28,1
DA:30,2
DA:33,1
DA:34,1
DA:35,1
DA:38,1
DA:42,1
DA:43,0
DA:44,0
DA:45,0
DA:47,0
DA:48,0
DA:51,0
DA:52,0
DA:54,1
DA:55,0
DA:56,0
DA:57,0
DA:59,0
DA:63,0
DA:64,0
DA:68,0
DA:69,0
DA:71,0
DA:72,0
DA:73,0
DA:78,1
LF:42
LH:24
BRDA:12,0,0,4
BRDA:12,0,1,1
BRDA:13,1,0,4
BRDA:13,1,1,1
BRDA:20,2,0,1
BRDA:20,2,1,3
BRDA:20,3,0,4
BRDA:20,3,1,1
BRDA:26,4,0,1
BRDA:26,4,1,2
BRDA:44,5,0,0
BRDA:44,5,1,0
BRDA:55,6,0,0
BRDA:55,6,1,0
BRF:14
BRH:10
end_of_record
TN:
SF:app/server.js
FN:27,(anonymous_0)
FN:28,(anonymous_1)
FNF:2
FNH:2
FNDA:1,(anonymous_0)
FNDA:3,(anonymous_1)
DA:1,1
DA:2,1
DA:3,1
DA:5,1
DA:8,1
DA:10,1
DA:11,1
DA:12,1
DA:15,1
DA:16,1
DA:17,1
DA:20,1
DA:23,1
DA:24,1
DA:27,1
DA:28,1
DA:29,3
DA:33,1
DA:35,1
LF:19
LH:19
BRDA:23,0,0,1
BRDA:23,0,1,1
BRF:2
BRH:2
end_of_record
